<?xml version="1.0" encoding="UTF-8"?>
<!-- Generated by org.testng.reporters.JUnitXMLReporter -->
<testsuite hostname="LAPTOP-RUTB88SV" ignored="3" name="Functional Test" tests="10" failures="0" timestamp="2022-04-29T17:14:09 IST" time="324.804" errors="0">
  <testcase name="verify_Login_Page_Title" time="0.952" classname="com.buffalocart.test.LoginPageTest"/>
  <testcase name="verify_User_Login_With_Valid_User_Credentials" time="8.07" classname="com.buffalocart.test.LoginPageTest"/>
  <testcase name="verify_The_Error_Message_Displayed_For_User_Login_With_Invalid_Credentials" time="2.34" classname="com.buffalocart.test.LoginPageTest"/>
  <testcase name="verify_The_Error_Message_Displayed_For_User_Login_With_Invalid_Credentials" time="1.561" classname="com.buffalocart.test.LoginPageTest"/>
  <testcase name="verify_The_Error_Message_Displayed_For_User_Login_With_Invalid_Credentials" time="1.484" classname="com.buffalocart.test.LoginPageTest"/>
  <testcase name="verify_Whether_The_User_Is_Able_To_Click_On_Remember_Me_Checkbox" time="0.097" classname="com.buffalocart.test.LoginPageTest"/>
  <testcase name="verify_Error_Message_Displayed_On_Reset_Password_Page_With_Invalid_Email_Id" time="4.282" classname="com.buffalocart.test.ResetPasswordPageTest"/>
  <testcase name="verify_Home_Page_Title" time="8.577" classname="com.buffalocart.test.MyAccountPageTest"/>
  <testcase name="verify_Date_Displayed_In_Home_Page" time="6.624" classname="com.buffalocart.test.MyAccountPageTest"/>
  <testcase name="verify_Whether_User_Is_Navigating_To_Login_Page_By_Clicking_On_Sign_Out_Button" time="10.177" classname="com.buffalocart.test.SignOutPageTest"/>
  <testcase name="@BeforeSuite setExtent" time="0.0" classname="com.buffalocart.automationcore.Base">
    <ignored/>
  </testcase> <!-- @BeforeSuite setExtent -->
  <testcase name="@BeforeSuite setExtent" time="0.0" classname="com.buffalocart.automationcore.Base">
    <ignored/>
  </testcase> <!-- @BeforeSuite setExtent -->
  <testcase name="@BeforeSuite setExtent" time="0.0" classname="com.buffalocart.automationcore.Base">
    <ignored/>
  </testcase> <!-- @BeforeSuite setExtent -->
</testsuite> <!-- Functional Test -->
