<?xml version="1.0" encoding="UTF-8"?>
<testsuite xmlns:xsi="http://www.w3.org/2001/XMLSchema-instance" xsi:noNamespaceSchemaLocation="https://maven.apache.org/surefire/maven-surefire-plugin/xsd/surefire-test-report-3.0.xsd" version="3.0" name="TestSuite" time="326.163" tests="10" errors="0" skipped="0" failures="0">
  <properties>
[...]
</properties>
  <testcase name="verify_Login_Page_Title" classname="com.buffalocart.test.LoginPageTest" time="0.921">
    <system-out><![CDATA[Directory already exists: C:\Users\Lenovo\IdeaProjects\buffalocart\TestReport
ExtentReport Path for WINDOWS: C:\Users\Lenovo\IdeaProjects\buffalocart\TestReport

Directory already exists: C:\Users\Lenovo\IdeaProjects\buffalocart\TestReport
ExtentReport Path for WINDOWS: C:\Users\Lenovo\IdeaProjects\buffalocart\TestReport

Extent Reports Version 3 Test Suite started!
verify_Login_Page_Title started!
[Username, Password, Title, MyAccountUserName, admin, 123456, Login - Demo POS, Aju Mathew, invalid username, invalid password, error message, , ajumathew, 123457, These credentials do not match our records., invalid Emailid, Reset Password Error Message, sujajkl@next.in, We can't find a user with that e-mail address.]
verify_Login_Page_Title passed!
]]></system-out>
    <system-err><![CDATA[SLF4J: Failed to load class "org.slf4j.impl.StaticLoggerBinder".
SLF4J: Defaulting to no-operation (NOP) logger implementation
SLF4J: See http://www.slf4j.org/codes.html#StaticLoggerBinder for further details.
ERROR StatusLogger Log4j2 could not find a logging implementation. Please add log4j-core to the classpath. Using SimpleLogger to log to the console...
Starting ChromeDriver 100.0.4896.60 (6a5d10861ce8de5fce22564658033b43cb7de047-refs/branch-heads/4896@{#875}) on port 62531
Only local connections are allowed.
Please see https://chromedriver.chromium.org/security-considerations for suggestions on keeping ChromeDriver safe.
ChromeDriver was started successfully.
Apr 29, 2022 5:08:48 PM org.openqa.selenium.remote.ProtocolHandshake createSession
INFO: Detected dialect: W3C
Apr 29, 2022 5:08:48 PM org.openqa.selenium.devtools.CdpVersionFinder findNearestMatch
WARNING: Unable to find an exact match for CDP version 100, so returning the closest version found: 99
Apr 29, 2022 5:08:48 PM org.openqa.selenium.devtools.CdpVersionFinder findNearestMatch
INFO: Found CDP implementation for version 100 of 99
]]></system-err>
  </testcase>
  <testcase name="verify_User_Login_With_Valid_User_Credentials" classname="com.buffalocart.test.LoginPageTest" time="8.062">
    <system-out><![CDATA[verify_User_Login_With_Valid_User_Credentials started!
verify_User_Login_With_Valid_User_Credentials passed!
]]></system-out>
    <system-err><![CDATA[Starting ChromeDriver 100.0.4896.60 (6a5d10861ce8de5fce22564658033b43cb7de047-refs/branch-heads/4896@{#875}) on port 54704
Only local connections are allowed.
Please see https://chromedriver.chromium.org/security-considerations for suggestions on keeping ChromeDriver safe.
ChromeDriver was started successfully.
Apr 29, 2022 5:09:19 PM org.openqa.selenium.remote.ProtocolHandshake createSession
INFO: Detected dialect: W3C
Apr 29, 2022 5:09:19 PM org.openqa.selenium.devtools.CdpVersionFinder findNearestMatch
WARNING: Unable to find an exact match for CDP version 100, so returning the closest version found: 99
Apr 29, 2022 5:09:19 PM org.openqa.selenium.devtools.CdpVersionFinder findNearestMatch
INFO: Found CDP implementation for version 100 of 99
]]></system-err>
  </testcase>
  <testcase name="verify_The_Error_Message_Displayed_For_User_Login_With_Invalid_Credentials[admin, AjuMathew](1)" classname="com.buffalocart.test.LoginPageTest" time="2.324">
    <system-out><![CDATA[verify_The_Error_Message_Displayed_For_User_Login_With_Invalid_Credentials started!
true
verify_The_Error_Message_Displayed_For_User_Login_With_Invalid_Credentials passed!
]]></system-out>
    <system-err><![CDATA[Starting ChromeDriver 100.0.4896.60 (6a5d10861ce8de5fce22564658033b43cb7de047-refs/branch-heads/4896@{#875}) on port 54669
Only local connections are allowed.
Please see https://chromedriver.chromium.org/security-considerations for suggestions on keeping ChromeDriver safe.
ChromeDriver was started successfully.
Apr 29, 2022 5:09:51 PM org.openqa.selenium.remote.ProtocolHandshake createSession
INFO: Detected dialect: W3C
Apr 29, 2022 5:09:51 PM org.openqa.selenium.devtools.CdpVersionFinder findNearestMatch
WARNING: Unable to find an exact match for CDP version 100, so returning the closest version found: 99
Apr 29, 2022 5:09:51 PM org.openqa.selenium.devtools.CdpVersionFinder findNearestMatch
INFO: Found CDP implementation for version 100 of 99
]]></system-err>
  </testcase>
  <testcase name="verify_The_Error_Message_Displayed_For_User_Login_With_Invalid_Credentials[AjuMathew, 123456](2)" classname="com.buffalocart.test.LoginPageTest" time="1.548">
    <system-out><![CDATA[verify_The_Error_Message_Displayed_For_User_Login_With_Invalid_Credentials started!
true
verify_The_Error_Message_Displayed_For_User_Login_With_Invalid_Credentials passed!
]]></system-out>
    <system-err><![CDATA[Starting ChromeDriver 100.0.4896.60 (6a5d10861ce8de5fce22564658033b43cb7de047-refs/branch-heads/4896@{#875}) on port 52373
Only local connections are allowed.
Please see https://chromedriver.chromium.org/security-considerations for suggestions on keeping ChromeDriver safe.
ChromeDriver was started successfully.
Apr 29, 2022 5:10:19 PM org.openqa.selenium.remote.ProtocolHandshake createSession
INFO: Detected dialect: W3C
Apr 29, 2022 5:10:19 PM org.openqa.selenium.devtools.CdpVersionFinder findNearestMatch
WARNING: Unable to find an exact match for CDP version 100, so returning the closest version found: 99
Apr 29, 2022 5:10:19 PM org.openqa.selenium.devtools.CdpVersionFinder findNearestMatch
INFO: Found CDP implementation for version 100 of 99
]]></system-err>
  </testcase>
  <testcase name="verify_The_Error_Message_Displayed_For_User_Login_With_Invalid_Credentials[admin123, admin12](3)" classname="com.buffalocart.test.LoginPageTest" time="1.476">
    <system-out><![CDATA[verify_The_Error_Message_Displayed_For_User_Login_With_Invalid_Credentials started!
true
verify_The_Error_Message_Displayed_For_User_Login_With_Invalid_Credentials passed!
]]></system-out>
    <system-err><![CDATA[Starting ChromeDriver 100.0.4896.60 (6a5d10861ce8de5fce22564658033b43cb7de047-refs/branch-heads/4896@{#875}) on port 61638
Only local connections are allowed.
Please see https://chromedriver.chromium.org/security-considerations for suggestions on keeping ChromeDriver safe.
ChromeDriver was started successfully.
Apr 29, 2022 5:11:01 PM org.openqa.selenium.remote.ProtocolHandshake createSession
INFO: Detected dialect: W3C
Apr 29, 2022 5:11:01 PM org.openqa.selenium.devtools.CdpVersionFinder findNearestMatch
WARNING: Unable to find an exact match for CDP version 100, so returning the closest version found: 99
Apr 29, 2022 5:11:01 PM org.openqa.selenium.devtools.CdpVersionFinder findNearestMatch
INFO: Found CDP implementation for version 100 of 99
]]></system-err>
  </testcase>
  <testcase name="verify_Whether_The_User_Is_Able_To_Click_On_Remember_Me_Checkbox" classname="com.buffalocart.test.LoginPageTest" time="0.089">
    <system-out><![CDATA[verify_Whether_The_User_Is_Able_To_Click_On_Remember_Me_Checkbox started!
true
verify_Whether_The_User_Is_Able_To_Click_On_Remember_Me_Checkbox passed!
]]></system-out>
    <system-err><![CDATA[Starting ChromeDriver 100.0.4896.60 (6a5d10861ce8de5fce22564658033b43cb7de047-refs/branch-heads/4896@{#875}) on port 50274
Only local connections are allowed.
Please see https://chromedriver.chromium.org/security-considerations for suggestions on keeping ChromeDriver safe.
ChromeDriver was started successfully.
Apr 29, 2022 5:11:23 PM org.openqa.selenium.remote.ProtocolHandshake createSession
INFO: Detected dialect: W3C
Apr 29, 2022 5:11:23 PM org.openqa.selenium.devtools.CdpVersionFinder findNearestMatch
WARNING: Unable to find an exact match for CDP version 100, so returning the closest version found: 99
Apr 29, 2022 5:11:23 PM org.openqa.selenium.devtools.CdpVersionFinder findNearestMatch
INFO: Found CDP implementation for version 100 of 99
]]></system-err>
  </testcase>
  <testcase name="verify_Error_Message_Displayed_On_Reset_Password_Page_With_Invalid_Email_Id" classname="com.buffalocart.test.ResetPasswordPageTest" time="4.266">
    <system-out><![CDATA[verify_Error_Message_Displayed_On_Reset_Password_Page_With_Invalid_Email_Id started!
email
[Username, Password, Title, MyAccountUserName, admin, 123456, Login - Demo POS, Aju Mathew, invalid username, invalid password, error message, , ajumathew, 123457, These credentials do not match our records., invalid Emailid, Reset Password Error Message, sujajkl@next.in, We can't find a user with that e-mail address.]
verify_Error_Message_Displayed_On_Reset_Password_Page_With_Invalid_Email_Id passed!
]]></system-out>
    <system-err><![CDATA[Starting ChromeDriver 100.0.4896.60 (6a5d10861ce8de5fce22564658033b43cb7de047-refs/branch-heads/4896@{#875}) on port 64003
Only local connections are allowed.
Please see https://chromedriver.chromium.org/security-considerations for suggestions on keeping ChromeDriver safe.
ChromeDriver was started successfully.
Apr 29, 2022 5:11:55 PM org.openqa.selenium.remote.ProtocolHandshake createSession
INFO: Detected dialect: W3C
Apr 29, 2022 5:11:55 PM org.openqa.selenium.devtools.CdpVersionFinder findNearestMatch
WARNING: Unable to find an exact match for CDP version 100, so returning the closest version found: 99
Apr 29, 2022 5:11:55 PM org.openqa.selenium.devtools.CdpVersionFinder findNearestMatch
INFO: Found CDP implementation for version 100 of 99
]]></system-err>
  </testcase>
  <testcase name="verify_Home_Page_Title" classname="com.buffalocart.test.MyAccountPageTest" time="8.561">
    <system-out><![CDATA[verify_Home_Page_Title started!
8
verify_Home_Page_Title passed!
]]></system-out>
    <system-err><![CDATA[Starting ChromeDriver 100.0.4896.60 (6a5d10861ce8de5fce22564658033b43cb7de047-refs/branch-heads/4896@{#875}) on port 64669
Only local connections are allowed.
Please see https://chromedriver.chromium.org/security-considerations for suggestions on keeping ChromeDriver safe.
ChromeDriver was started successfully.
Apr 29, 2022 5:12:30 PM org.openqa.selenium.remote.ProtocolHandshake createSession
INFO: Detected dialect: W3C
Apr 29, 2022 5:12:30 PM org.openqa.selenium.devtools.CdpVersionFinder findNearestMatch
WARNING: Unable to find an exact match for CDP version 100, so returning the closest version found: 99
Apr 29, 2022 5:12:30 PM org.openqa.selenium.devtools.CdpVersionFinder findNearestMatch
INFO: Found CDP implementation for version 100 of 99
]]></system-err>
  </testcase>
  <testcase name="verify_Date_Displayed_In_Home_Page" classname="com.buffalocart.test.MyAccountPageTest" time="6.624">
    <system-out><![CDATA[verify_Date_Displayed_In_Home_Page started!
verify_Date_Displayed_In_Home_Page passed!
]]></system-out>
    <system-err><![CDATA[Starting ChromeDriver 100.0.4896.60 (6a5d10861ce8de5fce22564658033b43cb7de047-refs/branch-heads/4896@{#875}) on port 52717
Only local connections are allowed.
Please see https://chromedriver.chromium.org/security-considerations for suggestions on keeping ChromeDriver safe.
ChromeDriver was started successfully.
Apr 29, 2022 5:13:04 PM org.openqa.selenium.remote.ProtocolHandshake createSession
INFO: Detected dialect: W3C
Apr 29, 2022 5:13:04 PM org.openqa.selenium.devtools.CdpVersionFinder findNearestMatch
WARNING: Unable to find an exact match for CDP version 100, so returning the closest version found: 99
Apr 29, 2022 5:13:04 PM org.openqa.selenium.devtools.CdpVersionFinder findNearestMatch
INFO: Found CDP implementation for version 100 of 99
]]></system-err>
  </testcase>
  <testcase name="verify_Whether_User_Is_Navigating_To_Login_Page_By_Clicking_On_Sign_Out_Button" classname="com.buffalocart.test.SignOutPageTest" time="10.169">
    <system-out><![CDATA[verify_Whether_User_Is_Navigating_To_Login_Page_By_Clicking_On_Sign_Out_Button started!
verify_Whether_User_Is_Navigating_To_Login_Page_By_Clicking_On_Sign_Out_Button passed!
]]></system-out>
    <system-err><![CDATA[Starting ChromeDriver 100.0.4896.60 (6a5d10861ce8de5fce22564658033b43cb7de047-refs/branch-heads/4896@{#875}) on port 54423
Only local connections are allowed.
Please see https://chromedriver.chromium.org/security-considerations for suggestions on keeping ChromeDriver safe.
ChromeDriver was started successfully.
Apr 29, 2022 5:13:39 PM org.openqa.selenium.remote.ProtocolHandshake createSession
INFO: Detected dialect: W3C
Apr 29, 2022 5:13:39 PM org.openqa.selenium.devtools.CdpVersionFinder findNearestMatch
WARNING: Unable to find an exact match for CDP version 100, so returning the closest version found: 99
Apr 29, 2022 5:13:39 PM org.openqa.selenium.devtools.CdpVersionFinder findNearestMatch
INFO: Found CDP implementation for version 100 of 99
]]></system-err>
  </testcase>
</testsuite>